<?xml version="1.0" encoding="UTF-8"?>
<!-- Generated by org.testng.reporters.JUnitXMLReporter -->
<testsuite ignored="0" hostname="LAPTOP-TE57ABV0" failures="1" tests="5" name="Test" time="30.581" errors="0" timestamp="2025-11-29T11:48:53 IST">
  <testcase classname="io.cucumber.testng.AbstractTestNGCucumberTests" name="runScenario" time="6.748"/>
  <testcase classname="io.cucumber.testng.AbstractTestNGCucumberTests" name="runScenario" time="6.001"/>
  <testcase classname="io.cucumber.testng.AbstractTestNGCucumberTests" name="runScenario" time="5.44"/>
  <testcase classname="io.cucumber.testng.AbstractTestNGCucumberTests" name="runScenario" time="6.236"/>
  <testcase classname="io.cucumber.testng.AbstractTestNGCucumberTests" name="runScenario" time="5.362">
    <failure type="java.lang.AssertionError" message="expected [false] but found [true]">
      <![CDATA[java.lang.AssertionError: expected [false] but found [true]
at stepDefination.Myntra.user_check_page_title_based_on_search_result(Myntra.java:29)
at âœ½.user check page title based on search result "Shops the Latest Shoes for Men, Women & Kids Online"(file:///C:/Users/vaishali/Desktop/Selenium_vaishali/Selenium_vaishali/Selenium_workspace/Automation_Selenium/./Cucumber/Senarios/Myntra.feature:8)
... Removed 7 stack frames]]>
    </failure>
  </testcase> <!-- runScenario -->
</testsuite> <!-- Test -->
