<?xml version="1.0" encoding="UTF-8"?>
<!-- Generated by org.testng.reporters.JUnitReportReporter -->
<testsuite hostname="LAPTOP-TE57ABV0" failures="1" tests="5" name="runner.RunCucumbercode" time="33.138" errors="0" timestamp="2025-11-29T11:47:31 IST" skipped="0">
  <testcase classname="runner.RunCucumbercode" name="runScenario" time="5.505"/>
  <testcase classname="runner.RunCucumbercode" name="runScenario" time="5.316"/>
  <testcase classname="runner.RunCucumbercode" name="runScenario" time="5.348"/>
  <testcase classname="runner.RunCucumbercode" name="runScenario" time="11.875"/>
  <testcase classname="runner.RunCucumbercode" name="runScenario" time="5.094">
    <failure message="expected [false] but found [true]" type="java.lang.AssertionError">
      <![CDATA[java.lang.AssertionError: expected [false] but found [true]
at org.testng.Assert.fail(Assert.java:111)
at org.testng.Assert.failNotEquals(Assert.java:1590)
at org.testng.Assert.assertEqualsImpl(Assert.java:150)
at org.testng.Assert.assertEquals(Assert.java:132)
at org.testng.Assert.assertEquals(Assert.java:1079)
at org.testng.Assert.assertEquals(Assert.java:1043)
at org.testng.Assert.assertEquals(Assert.java:1089)
at stepDefination.Myntra.user_check_page_title_based_on_search_result(Myntra.java:29)
at âœ½.user check page title based on search result "Shops the Latest Shoes for Men, Women & Kids Online"(file:///C:/Users/vaishali/Desktop/Selenium_vaishali/Selenium_vaishali/Selenium_workspace/Automation_Selenium/./Cucumber/Senarios/Myntra.feature:8)
]]>
    </failure>
  </testcase> <!-- runScenario -->
</testsuite> <!-- runner.RunCucumbercode -->
