<?xml version="1.0" encoding="UTF-8"?>
<!-- Generated by org.testng.reporters.JUnitReportReporter -->
<testsuite hostname="LAPTOP-TE57ABV0" failures="0" tests="4" name="com.TestNG.TestNGdemo" time="89.996" errors="0" timestamp="2025-09-26T11:28:43 IST" skipped="0">
  <testcase classname="com.TestNG.TestNGdemo" name="Flipkart" time="25.096"/>
  <testcase classname="com.TestNG.TestNGdemo" name="Flipkart" time="17.943"/>
  <testcase classname="com.TestNG.TestNGdemo" name="Facebook" time="21.643"/>
  <testcase classname="com.TestNG.TestNGdemo" name="Facebook" time="25.314"/>
</testsuite> <!-- com.TestNG.TestNGdemo -->
